CallKit/build/outputs/logs/manifest-merger-release-report.txt
-- Merging decision tree log ---
manifest
ADDED from src\main\AndroidManifest.xml:2:1-84:12
INJECTED from src\main\AndroidManifest.xml:2:1-84:12
INJECTED from src\main\AndroidManifest.xml:2:1-84:12
INJECTED from src\main\AndroidManifest.xml:2:1-84:12
INJECTED from src\main\AndroidManifest.xml:2:1-84:12
INJECTED from src\main\AndroidManifest.xml:2:1-84:12
INJECTED from src\main\AndroidManifest.xml:2:1-84:12
	package
		ADDED from src\main\AndroidManifest.xml:3:5-30
		INJECTED from src\main\AndroidManifest.xml
		INJECTED from src\main\AndroidManifest.xml
	android:versionName
		INJECTED from src\main\AndroidManifest.xml
		ADDED from src\main\AndroidManifest.xml:2:1-84:12
		INJECTED from src\main\AndroidManifest.xml
	android:versionCode
		INJECTED from src\main\AndroidManifest.xml
		ADDED from src\main\AndroidManifest.xml:2:1-84:12
		INJECTED from src\main\AndroidManifest.xml
	xmlns:android
		ADDED from src\main\AndroidManifest.xml:2:11-69
uses-permission#android.permission.MODIFY_AUDIO_SETTINGS
ADDED from src\main\AndroidManifest.xml:6:5-80
	android:name
		ADDED from src\main\AndroidManifest.xml:6:22-77
uses-permission#android.permission.BLUETOOTH_ADMIN
ADDED from src\main\AndroidManifest.xml:7:5-74
	android:name
		ADDED from src\main\AndroidManifest.xml:7:22-71
uses-permission#android.permission.BLUETOOTH
ADDED from src\main\AndroidManifest.xml:8:5-68
	android:name
		ADDED from src\main\AndroidManifest.xml:8:22-65
uses-permission#android.permission.INTERACT_ACROSS_USERS_FULL
ADDED from src\main\AndroidManifest.xml:9:5-85
	android:name
		ADDED from src\main\AndroidManifest.xml:9:22-82
uses-permission#android.permission.SYSTEM_ALERT_WINDOW
ADDED from src\main\AndroidManifest.xml:10:5-78
	android:name
		ADDED from src\main\AndroidManifest.xml:10:22-75
uses-permission#android.permission.WRITE_EXTERNAL_STORAGE
ADDED from src\main\AndroidManifest.xml:11:5-81
	android:name
		ADDED from src\main\AndroidManifest.xml:11:22-78
uses-permission#android.permission.READ_EXTERNAL_STORAGE
ADDED from src\main\AndroidManifest.xml:12:5-80
	android:name
		ADDED from src\main\AndroidManifest.xml:12:22-77
uses-permission#android.permission.READ_PHONE_STATE
ADDED from src\main\AndroidManifest.xml:15:5-75
	android:name
		ADDED from src\main\AndroidManifest.xml:15:22-72
uses-permission#android.permission.READ_CALL_LOG
ADDED from src\main\AndroidManifest.xml:17:5-72
	android:name
		ADDED from src\main\AndroidManifest.xml:17:22-69
application
ADDED from src\main\AndroidManifest.xml:19:5-82:19
activity#io.rong.callkit.MultiVideoCallActivity
ADDED from src\main\AndroidManifest.xml:22:9-33:20
	android:screenOrientation
		ADDED from src\main\AndroidManifest.xml:26:13-49
	android:launchMode
		ADDED from src\main\AndroidManifest.xml:25:13-43
	android:windowSoftInputMode
		ADDED from src\main\AndroidManifest.xml:27:13-67
	android:exported
		ADDED from src\main\AndroidManifest.xml:24:13-36
	android:name
		ADDED from src\main\AndroidManifest.xml:23:13-51
intent-filter#action:name:io.rong.intent.action.voip.MULTIVIDEO+category:name:android.intent.category.DEFAULT
ADDED from src\main\AndroidManifest.xml:28:13-32:29
action#io.rong.intent.action.voip.MULTIVIDEO
ADDED from src\main\AndroidManifest.xml:29:17-80
	android:name
		ADDED from src\main\AndroidManifest.xml:29:25-77
category#android.intent.category.DEFAULT
ADDED from src\main\AndroidManifest.xml:31:17-76
	android:name
		ADDED from src\main\AndroidManifest.xml:31:27-73
activity#io.rong.callkit.SingleCallActivity
ADDED from src\main\AndroidManifest.xml:34:9-50:20
	android:screenOrientation
		ADDED from src\main\AndroidManifest.xml:38:13-49
	android:launchMode
		ADDED from src\main\AndroidManifest.xml:37:13-43
	android:windowSoftInputMode
		ADDED from src\main\AndroidManifest.xml:39:13-67
	android:exported
		ADDED from src\main\AndroidManifest.xml:36:13-36
	android:name
		ADDED from src\main\AndroidManifest.xml:35:13-47
intent-filter#action:name:io.rong.intent.action.voip.SINGLEVIDEO+category:name:android.intent.category.DEFAULT
ADDED from src\main\AndroidManifest.xml:40:13-44:29
action#io.rong.intent.action.voip.SINGLEVIDEO
ADDED from src\main\AndroidManifest.xml:41:17-81
	android:name
		ADDED from src\main\AndroidManifest.xml:41:25-78
intent-filter#action:name:io.rong.intent.action.voip.SINGLEAUDIO+category:name:android.intent.category.DEFAULT
ADDED from src\main\AndroidManifest.xml:45:13-49:29
action#io.rong.intent.action.voip.SINGLEAUDIO
ADDED from src\main\AndroidManifest.xml:46:17-81
	android:name
		ADDED from src\main\AndroidManifest.xml:46:25-78
activity#io.rong.callkit.MultiAudioCallActivity
ADDED from src\main\AndroidManifest.xml:51:9-62:20
	android:screenOrientation
		ADDED from src\main\AndroidManifest.xml:55:13-49
	android:launchMode
		ADDED from src\main\AndroidManifest.xml:54:13-43
	android:windowSoftInputMode
		ADDED from src\main\AndroidManifest.xml:56:13-67
	android:exported
		ADDED from src\main\AndroidManifest.xml:53:13-36
	android:name
		ADDED from src\main\AndroidManifest.xml:52:13-51
intent-filter#action:name:io.rong.intent.action.voip.MULTIAUDIO+category:name:android.intent.category.DEFAULT
ADDED from src\main\AndroidManifest.xml:57:13-61:29
action#io.rong.intent.action.voip.MULTIAUDIO
ADDED from src\main\AndroidManifest.xml:58:17-80
	android:name
		ADDED from src\main\AndroidManifest.xml:58:25-77
receiver#io.rong.callkit.VoIPBroadcastReceiver
ADDED from src\main\AndroidManifest.xml:67:9-73:20
	android:name
		ADDED from src\main\AndroidManifest.xml:68:13-65
intent-filter#action:name:action.push.CallInviteMessage+action:name:action.push.CallInviteMessage.CLICKED
ADDED from src\main\AndroidManifest.xml:69:13-72:29
action#action.push.CallInviteMessage
ADDED from src\main\AndroidManifest.xml:70:17-72
	android:name
		ADDED from src\main\AndroidManifest.xml:70:25-69
action#action.push.CallInviteMessage.CLICKED
ADDED from src\main\AndroidManifest.xml:71:17-79
	android:name
		ADDED from src\main\AndroidManifest.xml:71:25-77
activity#io.rong.callkit.CallSelectMemberActivity
ADDED from src\main\AndroidManifest.xml:75:9-71
	android:name
		ADDED from src\main\AndroidManifest.xml:75:19-59
receiver#io.rong.callkit.util.RTCPhoneStateReceiver
ADDED from src\main\AndroidManifest.xml:77:9-81:20
	android:name
		ADDED from src\main\AndroidManifest.xml:77:19-61
intent-filter#action:name:android.intent.action.PHONE_STATE
ADDED from src\main\AndroidManifest.xml:78:13-80:29
action#android.intent.action.PHONE_STATE
ADDED from src\main\AndroidManifest.xml:79:17-75
	android:name
		ADDED from src\main\AndroidManifest.xml:79:25-73
uses-sdk
INJECTED from src\main\AndroidManifest.xml reason: use-sdk injection requested
INJECTED from src\main\AndroidManifest.xml
INJECTED from src\main\AndroidManifest.xml
INJECTED from src\main\AndroidManifest.xml
INJECTED from src\main\AndroidManifest.xml
	android:targetSdkVersion
		INJECTED from src\main\AndroidManifest.xml
		ADDED from src\main\AndroidManifest.xml
		INJECTED from src\main\AndroidManifest.xml
	android:minSdkVersion
		INJECTED from src\main\AndroidManifest.xml
		ADDED from src\main\AndroidManifest.xml
		INJECTED from src\main\AndroidManifest.xml